<?xml version="1.0" encoding="UTF-8"?>
<testsuite xmlns:xsi="http://www.w3.org/2001/XMLSchema-instance" xsi:noNamespaceSchemaLocation="https://maven.apache.org/surefire/maven-surefire-plugin/xsd/surefire-test-report.xsd" name="TestSuite" time="610.735" tests="5" errors="0" skipped="4" failures="1">
  <properties>
[...]
</properties>
  <testcase name="setup" classname="allureReports.Tests" time="608.962">
    <failure message="session not created&#10;from timeout: Timed out receiving message from renderer: 600.000&#10;  (Session info: chrome=91.0.4472.164)&#10;Build info: version: &apos;4.0.0-alpha-3&apos;, revision: &apos;8c567de6dc&apos;&#10;System info: host: &apos;LAPTOP-86KEJ58R&apos;, ip: &apos;10.255.65.125&apos;, os.name: &apos;Windows 10&apos;, os.arch: &apos;amd64&apos;, os.version: &apos;10.0&apos;, java.version: &apos;1.8.0_281&apos;&#10;Driver info: driver.version: ChromeDriver&#10;remote stacktrace: Backtrace:&#10;	Ordinal0 [0x00C53733+2504499]&#10;	Ordinal0 [0x00BEC401+2081793]&#10;	Ordinal0 [0x00AF2628+1058344]&#10;	Ordinal0 [0x00AE4EBF+1003199]&#10;	Ordinal0 [0x00AE3EF9+999161]&#10;	Ordinal0 [0x00AE41B6+999862]&#10;	Ordinal0 [0x00AE3AA5+998053]&#10;	Ordinal0 [0x00AEA6DD+1025757]&#10;	Ordinal0 [0x00AE3A61+997985]&#10;	Ordinal0 [0x00AE4986+1001862]&#10;	Ordinal0 [0x00AE3EF9+999161]&#10;	Ordinal0 [0x00AE41B6+999862]&#10;	Ordinal0 [0x00AE3AA5+998053]&#10;	Ordinal0 [0x00AE990C+1022220]&#10;	Ordinal0 [0x00AE3A61+997985]&#10;	Ordinal0 [0x00AE4986+1001862]&#10;	Ordinal0 [0x00AE3EF9+999161]&#10;	Ordinal0 [0x00AE41B6+999862]&#10;	Ordinal0 [0x00AE3AA5+998053]&#10;	Ordinal0 [0x00ADF5DD+980445]&#10;	Ordinal0 [0x00AE3A61+997985]&#10;	Ordinal0 [0x00AE3800+997376]&#10;	Ordinal0 [0x00AE3599+996761]&#10;	Ordinal0 [0x00AF3830+1062960]&#10;	Ordinal0 [0x00B3ABB9+1354681]&#10;	Ordinal0 [0x00B397DA+1349594]&#10;	Ordinal0 [0x00B35D4B+1334603]&#10;	Ordinal0 [0x00B122B4+1188532]&#10;	Ordinal0 [0x00B13149+1192265]&#10;	GetHandleVerifier [0x00DCFB8C+1512252]&#10;	GetHandleVerifier [0x00E7B0DF+2214031]&#10;	GetHandleVerifier [0x00CD4BC3+484211]&#10;	GetHandleVerifier [0x00CD3E69+480793]&#10;	Ordinal0 [0x00BF218D+2105741]&#10;	Ordinal0 [0x00BF66E8+2123496]&#10;	Ordinal0 [0x00BF6827+2123815]&#10;	Ordinal0 [0x00BFFB73+2161523]&#10;	BaseThreadInitThunk [0x772CFA29+25]&#10;	RtlGetAppContainerNamedObjectPath [0x77C37A9E+286]&#10;	RtlGetAppContainerNamedObjectPath [0x77C37A6E+238]&#10;" type="org.openqa.selenium.SessionNotCreatedException">org.openqa.selenium.SessionNotCreatedException: 
session not created
from timeout: Timed out receiving message from renderer: 600.000
  (Session info: chrome=91.0.4472.164)
Build info: version: '4.0.0-alpha-3', revision: '8c567de6dc'
System info: host: 'LAPTOP-86KEJ58R', ip: '10.255.65.125', os.name: 'Windows 10', os.arch: 'amd64', os.version: '10.0', java.version: '1.8.0_281'
Driver info: driver.version: ChromeDriver
remote stacktrace: Backtrace:
	Ordinal0 [0x00C53733+2504499]
	Ordinal0 [0x00BEC401+2081793]
	Ordinal0 [0x00AF2628+1058344]
	Ordinal0 [0x00AE4EBF+1003199]
	Ordinal0 [0x00AE3EF9+999161]
	Ordinal0 [0x00AE41B6+999862]
	Ordinal0 [0x00AE3AA5+998053]
	Ordinal0 [0x00AEA6DD+1025757]
	Ordinal0 [0x00AE3A61+997985]
	Ordinal0 [0x00AE4986+1001862]
	Ordinal0 [0x00AE3EF9+999161]
	Ordinal0 [0x00AE41B6+999862]
	Ordinal0 [0x00AE3AA5+998053]
	Ordinal0 [0x00AE990C+1022220]
	Ordinal0 [0x00AE3A61+997985]
	Ordinal0 [0x00AE4986+1001862]
	Ordinal0 [0x00AE3EF9+999161]
	Ordinal0 [0x00AE41B6+999862]
	Ordinal0 [0x00AE3AA5+998053]
	Ordinal0 [0x00ADF5DD+980445]
	Ordinal0 [0x00AE3A61+997985]
	Ordinal0 [0x00AE3800+997376]
	Ordinal0 [0x00AE3599+996761]
	Ordinal0 [0x00AF3830+1062960]
	Ordinal0 [0x00B3ABB9+1354681]
	Ordinal0 [0x00B397DA+1349594]
	Ordinal0 [0x00B35D4B+1334603]
	Ordinal0 [0x00B122B4+1188532]
	Ordinal0 [0x00B13149+1192265]
	GetHandleVerifier [0x00DCFB8C+1512252]
	GetHandleVerifier [0x00E7B0DF+2214031]
	GetHandleVerifier [0x00CD4BC3+484211]
	GetHandleVerifier [0x00CD3E69+480793]
	Ordinal0 [0x00BF218D+2105741]
	Ordinal0 [0x00BF66E8+2123496]
	Ordinal0 [0x00BF6827+2123815]
	Ordinal0 [0x00BFFB73+2161523]
	BaseThreadInitThunk [0x772CFA29+25]
	RtlGetAppContainerNamedObjectPath [0x77C37A9E+286]
	RtlGetAppContainerNamedObjectPath [0x77C37A6E+238]

	at allureReports.Tests.setup(Tests.java:21)
</failure>
    <system-out><![CDATA[I am in onStart method C:/REST_project/AllureTestNGSeleniumTest/src/test/java/allureReports/Tests.java
]]></system-out>
    <system-err><![CDATA[SLF4J: Failed to load class "org.slf4j.impl.StaticLoggerBinder".
SLF4J: Defaulting to no-operation (NOP) logger implementation
SLF4J: See http://www.slf4j.org/codes.html#StaticLoggerBinder for further details.
Starting ChromeDriver 91.0.4472.101 (af52a90bf87030dd1523486a1cd3ae25c5d76c9b-refs/branch-heads/4472@{#1462}) on port 29959
Only local connections are allowed.
Please see https://chromedriver.chromium.org/security-considerations for suggestions on keeping ChromeDriver safe.
ChromeDriver was started successfully.
[1627303081.959][SEVERE]: Timed out receiving message from renderer: 600.000
]]></system-err>
  </testcase>
  <testcase name="logoResenceTest" classname="allureReports.Tests" time="0">
    <skipped message="session not created&#10;from timeout: Timed out receiving message from renderer: 600.000&#10;  (Session info: chrome=91.0.4472.164)&#10;Build info: version: &apos;4.0.0-alpha-3&apos;, revision: &apos;8c567de6dc&apos;&#10;System info: host: &apos;LAPTOP-86KEJ58R&apos;, ip: &apos;10.255.65.125&apos;, os.name: &apos;Windows 10&apos;, os.arch: &apos;amd64&apos;, os.version: &apos;10.0&apos;, java.version: &apos;1.8.0_281&apos;&#10;Driver info: driver.version: ChromeDriver&#10;remote stacktrace: Backtrace:&#10;	Ordinal0 [0x00C53733+2504499]&#10;	Ordinal0 [0x00BEC401+2081793]&#10;	Ordinal0 [0x00AF2628+1058344]&#10;	Ordinal0 [0x00AE4EBF+1003199]&#10;	Ordinal0 [0x00AE3EF9+999161]&#10;	Ordinal0 [0x00AE41B6+999862]&#10;	Ordinal0 [0x00AE3AA5+998053]&#10;	Ordinal0 [0x00AEA6DD+1025757]&#10;	Ordinal0 [0x00AE3A61+997985]&#10;	Ordinal0 [0x00AE4986+1001862]&#10;	Ordinal0 [0x00AE3EF9+999161]&#10;	Ordinal0 [0x00AE41B6+999862]&#10;	Ordinal0 [0x00AE3AA5+998053]&#10;	Ordinal0 [0x00AE990C+1022220]&#10;	Ordinal0 [0x00AE3A61+997985]&#10;	Ordinal0 [0x00AE4986+1001862]&#10;	Ordinal0 [0x00AE3EF9+999161]&#10;	Ordinal0 [0x00AE41B6+999862]&#10;	Ordinal0 [0x00AE3AA5+998053]&#10;	Ordinal0 [0x00ADF5DD+980445]&#10;	Ordinal0 [0x00AE3A61+997985]&#10;	Ordinal0 [0x00AE3800+997376]&#10;	Ordinal0 [0x00AE3599+996761]&#10;	Ordinal0 [0x00AF3830+1062960]&#10;	Ordinal0 [0x00B3ABB9+1354681]&#10;	Ordinal0 [0x00B397DA+1349594]&#10;	Ordinal0 [0x00B35D4B+1334603]&#10;	Ordinal0 [0x00B122B4+1188532]&#10;	Ordinal0 [0x00B13149+1192265]&#10;	GetHandleVerifier [0x00DCFB8C+1512252]&#10;	GetHandleVerifier [0x00E7B0DF+2214031]&#10;	GetHandleVerifier [0x00CD4BC3+484211]&#10;	GetHandleVerifier [0x00CD3E69+480793]&#10;	Ordinal0 [0x00BF218D+2105741]&#10;	Ordinal0 [0x00BF66E8+2123496]&#10;	Ordinal0 [0x00BF6827+2123815]&#10;	Ordinal0 [0x00BFFB73+2161523]&#10;	BaseThreadInitThunk [0x772CFA29+25]&#10;	RtlGetAppContainerNamedObjectPath [0x77C37A9E+286]&#10;	RtlGetAppContainerNamedObjectPath [0x77C37A6E+238]&#10;"/>
    <system-out><![CDATA[I am in onTestStart method logoResenceTest start
I am in onTestSkipped method logoResenceTest skipped
]]></system-out>
  </testcase>
  <testcase name="loginTest" classname="allureReports.Tests" time="0">
    <skipped message="session not created&#10;from timeout: Timed out receiving message from renderer: 600.000&#10;  (Session info: chrome=91.0.4472.164)&#10;Build info: version: &apos;4.0.0-alpha-3&apos;, revision: &apos;8c567de6dc&apos;&#10;System info: host: &apos;LAPTOP-86KEJ58R&apos;, ip: &apos;10.255.65.125&apos;, os.name: &apos;Windows 10&apos;, os.arch: &apos;amd64&apos;, os.version: &apos;10.0&apos;, java.version: &apos;1.8.0_281&apos;&#10;Driver info: driver.version: ChromeDriver&#10;remote stacktrace: Backtrace:&#10;	Ordinal0 [0x00C53733+2504499]&#10;	Ordinal0 [0x00BEC401+2081793]&#10;	Ordinal0 [0x00AF2628+1058344]&#10;	Ordinal0 [0x00AE4EBF+1003199]&#10;	Ordinal0 [0x00AE3EF9+999161]&#10;	Ordinal0 [0x00AE41B6+999862]&#10;	Ordinal0 [0x00AE3AA5+998053]&#10;	Ordinal0 [0x00AEA6DD+1025757]&#10;	Ordinal0 [0x00AE3A61+997985]&#10;	Ordinal0 [0x00AE4986+1001862]&#10;	Ordinal0 [0x00AE3EF9+999161]&#10;	Ordinal0 [0x00AE41B6+999862]&#10;	Ordinal0 [0x00AE3AA5+998053]&#10;	Ordinal0 [0x00AE990C+1022220]&#10;	Ordinal0 [0x00AE3A61+997985]&#10;	Ordinal0 [0x00AE4986+1001862]&#10;	Ordinal0 [0x00AE3EF9+999161]&#10;	Ordinal0 [0x00AE41B6+999862]&#10;	Ordinal0 [0x00AE3AA5+998053]&#10;	Ordinal0 [0x00ADF5DD+980445]&#10;	Ordinal0 [0x00AE3A61+997985]&#10;	Ordinal0 [0x00AE3800+997376]&#10;	Ordinal0 [0x00AE3599+996761]&#10;	Ordinal0 [0x00AF3830+1062960]&#10;	Ordinal0 [0x00B3ABB9+1354681]&#10;	Ordinal0 [0x00B397DA+1349594]&#10;	Ordinal0 [0x00B35D4B+1334603]&#10;	Ordinal0 [0x00B122B4+1188532]&#10;	Ordinal0 [0x00B13149+1192265]&#10;	GetHandleVerifier [0x00DCFB8C+1512252]&#10;	GetHandleVerifier [0x00E7B0DF+2214031]&#10;	GetHandleVerifier [0x00CD4BC3+484211]&#10;	GetHandleVerifier [0x00CD3E69+480793]&#10;	Ordinal0 [0x00BF218D+2105741]&#10;	Ordinal0 [0x00BF66E8+2123496]&#10;	Ordinal0 [0x00BF6827+2123815]&#10;	Ordinal0 [0x00BFFB73+2161523]&#10;	BaseThreadInitThunk [0x772CFA29+25]&#10;	RtlGetAppContainerNamedObjectPath [0x77C37A9E+286]&#10;	RtlGetAppContainerNamedObjectPath [0x77C37A6E+238]&#10;"/>
    <system-out><![CDATA[I am in onTestStart method loginTest start
I am in onTestSkipped method loginTest skipped
]]></system-out>
  </testcase>
  <testcase name="registrationTest" classname="allureReports.Tests" time="0">
    <skipped message="session not created&#10;from timeout: Timed out receiving message from renderer: 600.000&#10;  (Session info: chrome=91.0.4472.164)&#10;Build info: version: &apos;4.0.0-alpha-3&apos;, revision: &apos;8c567de6dc&apos;&#10;System info: host: &apos;LAPTOP-86KEJ58R&apos;, ip: &apos;10.255.65.125&apos;, os.name: &apos;Windows 10&apos;, os.arch: &apos;amd64&apos;, os.version: &apos;10.0&apos;, java.version: &apos;1.8.0_281&apos;&#10;Driver info: driver.version: ChromeDriver&#10;remote stacktrace: Backtrace:&#10;	Ordinal0 [0x00C53733+2504499]&#10;	Ordinal0 [0x00BEC401+2081793]&#10;	Ordinal0 [0x00AF2628+1058344]&#10;	Ordinal0 [0x00AE4EBF+1003199]&#10;	Ordinal0 [0x00AE3EF9+999161]&#10;	Ordinal0 [0x00AE41B6+999862]&#10;	Ordinal0 [0x00AE3AA5+998053]&#10;	Ordinal0 [0x00AEA6DD+1025757]&#10;	Ordinal0 [0x00AE3A61+997985]&#10;	Ordinal0 [0x00AE4986+1001862]&#10;	Ordinal0 [0x00AE3EF9+999161]&#10;	Ordinal0 [0x00AE41B6+999862]&#10;	Ordinal0 [0x00AE3AA5+998053]&#10;	Ordinal0 [0x00AE990C+1022220]&#10;	Ordinal0 [0x00AE3A61+997985]&#10;	Ordinal0 [0x00AE4986+1001862]&#10;	Ordinal0 [0x00AE3EF9+999161]&#10;	Ordinal0 [0x00AE41B6+999862]&#10;	Ordinal0 [0x00AE3AA5+998053]&#10;	Ordinal0 [0x00ADF5DD+980445]&#10;	Ordinal0 [0x00AE3A61+997985]&#10;	Ordinal0 [0x00AE3800+997376]&#10;	Ordinal0 [0x00AE3599+996761]&#10;	Ordinal0 [0x00AF3830+1062960]&#10;	Ordinal0 [0x00B3ABB9+1354681]&#10;	Ordinal0 [0x00B397DA+1349594]&#10;	Ordinal0 [0x00B35D4B+1334603]&#10;	Ordinal0 [0x00B122B4+1188532]&#10;	Ordinal0 [0x00B13149+1192265]&#10;	GetHandleVerifier [0x00DCFB8C+1512252]&#10;	GetHandleVerifier [0x00E7B0DF+2214031]&#10;	GetHandleVerifier [0x00CD4BC3+484211]&#10;	GetHandleVerifier [0x00CD3E69+480793]&#10;	Ordinal0 [0x00BF218D+2105741]&#10;	Ordinal0 [0x00BF66E8+2123496]&#10;	Ordinal0 [0x00BF6827+2123815]&#10;	Ordinal0 [0x00BFFB73+2161523]&#10;	BaseThreadInitThunk [0x772CFA29+25]&#10;	RtlGetAppContainerNamedObjectPath [0x77C37A9E+286]&#10;	RtlGetAppContainerNamedObjectPath [0x77C37A6E+238]&#10;"/>
    <system-out><![CDATA[I am in onTestStart method registrationTest start
I am in onTestSkipped method registrationTest skipped
]]></system-out>
  </testcase>
  <testcase name="tearDown" classname="allureReports.Tests" time="0">
    <skipped/>
  </testcase>
</testsuite>