-------------------------------------------------------------------------------
Test set: TestSuite
-------------------------------------------------------------------------------
Tests run: 3, Failures: 1, Errors: 0, Skipped: 1, Time elapsed: 15.621 s <<< FAILURE! - in TestSuite
loginTest(allureReports.Tests)  Time elapsed: 5.162 s  <<< FAILURE!
java.lang.AssertionError: expected [nopCommerce dem store. Login] but found [nopCommerce demo store. Login]
	at allureReports.Tests.loginTest(Tests.java:50)

